2024-11-29T18:55:18.610+05:30  INFO 10732 --- [restartedMain] com.jbk.RecruitProApplication            : Starting RecruitProApplication using Java 23.0.1 with PID 10732 (C:\Users\dinos\eclipse-workspace\RecruitPro\target\classes started by dinos in C:\Users\dinos\eclipse-workspace\RecruitPro)
2024-11-29T18:55:18.613+05:30  INFO 10732 --- [restartedMain] com.jbk.RecruitProApplication            : No active profile set, falling back to 1 default profile: "default"
2024-11-29T18:55:18.688+05:30  INFO 10732 --- [restartedMain] .e.DevToolsPropertyDefaultsPostProcessor : Devtools property defaults active! Set 'spring.devtools.add-properties' to 'false' to disable
2024-11-29T18:55:18.688+05:30  INFO 10732 --- [restartedMain] .e.DevToolsPropertyDefaultsPostProcessor : For additional web related logging consider setting the 'logging.level.web' property to 'DEBUG'
2024-11-29T18:55:19.752+05:30  INFO 10732 --- [restartedMain] .s.d.r.c.RepositoryConfigurationDelegate : Bootstrapping Spring Data JPA repositories in DEFAULT mode.
2024-11-29T18:55:19.796+05:30  INFO 10732 --- [restartedMain] .s.d.r.c.RepositoryConfigurationDelegate : Finished Spring Data repository scanning in 29 ms. Found 0 JPA repository interfaces.
2024-11-29T18:55:20.755+05:30  INFO 10732 --- [restartedMain] o.s.b.w.embedded.tomcat.TomcatWebServer  : Tomcat initialized with port 8080 (http)
2024-11-29T18:55:20.779+05:30  INFO 10732 --- [restartedMain] o.apache.catalina.core.StandardService   : Starting service [Tomcat]
2024-11-29T18:55:20.780+05:30  INFO 10732 --- [restartedMain] o.apache.catalina.core.StandardEngine    : Starting Servlet engine: [Apache Tomcat/10.1.33]
2024-11-29T18:55:20.900+05:30  INFO 10732 --- [restartedMain] o.a.c.c.C.[Tomcat].[localhost].[/]       : Initializing Spring embedded WebApplicationContext
2024-11-29T18:55:20.901+05:30  INFO 10732 --- [restartedMain] w.s.c.ServletWebServerApplicationContext : Root WebApplicationContext: initialization completed in 2158 ms
2024-11-29T18:55:21.132+05:30  INFO 10732 --- [restartedMain] o.hibernate.jpa.internal.util.LogHelper  : HHH000204: Processing PersistenceUnitInfo [name: default]
2024-11-29T18:55:21.208+05:30  INFO 10732 --- [restartedMain] org.hibernate.Version                    : HHH000412: Hibernate ORM core version 6.6.2.Final
2024-11-29T18:55:21.269+05:30  INFO 10732 --- [restartedMain] o.h.c.internal.RegionFactoryInitiator    : HHH000026: Second-level cache disabled
2024-11-29T18:55:21.664+05:30  INFO 10732 --- [restartedMain] o.s.o.j.p.SpringPersistenceUnitInfo      : No LoadTimeWeaver setup: ignoring JPA class transformer
2024-11-29T18:55:21.700+05:30  INFO 10732 --- [restartedMain] com.zaxxer.hikari.HikariDataSource       : HikariPool-1 - Starting...
2024-11-29T18:55:22.209+05:30  INFO 10732 --- [restartedMain] com.zaxxer.hikari.pool.HikariPool        : HikariPool-1 - Added connection com.mysql.cj.jdbc.ConnectionImpl@30aaed85
2024-11-29T18:55:22.212+05:30  INFO 10732 --- [restartedMain] com.zaxxer.hikari.HikariDataSource       : HikariPool-1 - Start completed.
2024-11-29T18:55:22.343+05:30  INFO 10732 --- [restartedMain] org.hibernate.orm.connections.pooling    : HHH10001005: Database info:
	Database JDBC URL [Connecting through datasource 'HikariDataSource (HikariPool-1)']
	Database driver: undefined/unknown
	Database version: 8.0.40
	Autocommit mode: undefined/unknown
	Isolation level: undefined/unknown
	Minimum pool size: undefined/unknown
	Maximum pool size: undefined/unknown
2024-11-29T18:55:23.492+05:30  INFO 10732 --- [restartedMain] o.h.e.t.j.p.i.JtaPlatformInitiator       : HHH000489: No JTA platform available (set 'hibernate.transaction.jta.platform' to enable JTA platform integration)
2024-11-29T18:55:23.555+05:30  INFO 10732 --- [restartedMain] j.LocalContainerEntityManagerFactoryBean : Initialized JPA EntityManagerFactory for persistence unit 'default'
2024-11-29T18:55:23.719+05:30  WARN 10732 --- [restartedMain] JpaBaseConfiguration$JpaWebConfiguration : spring.jpa.open-in-view is enabled by default. Therefore, database queries may be performed during view rendering. Explicitly configure spring.jpa.open-in-view to disable this warning
2024-11-29T18:55:24.366+05:30  INFO 10732 --- [restartedMain] o.s.b.d.a.OptionalLiveReloadServer       : LiveReload server is running on port 35729
2024-11-29T18:55:24.420+05:30  INFO 10732 --- [restartedMain] o.s.b.w.embedded.tomcat.TomcatWebServer  : Tomcat started on port 8080 (http) with context path '/'
2024-11-29T18:55:24.436+05:30  INFO 10732 --- [restartedMain] com.jbk.RecruitProApplication            : Started RecruitProApplication in 6.476 seconds (process running for 7.231)
2024-11-29T18:58:19.729+05:30  INFO 10732 --- [http-nio-8080-exec-1] o.a.c.c.C.[Tomcat].[localhost].[/]       : Initializing Spring DispatcherServlet 'dispatcherServlet'
2024-11-29T18:58:19.729+05:30  INFO 10732 --- [http-nio-8080-exec-1] o.s.web.servlet.DispatcherServlet        : Initializing Servlet 'dispatcherServlet'
2024-11-29T18:58:19.731+05:30  INFO 10732 --- [http-nio-8080-exec-1] o.s.web.servlet.DispatcherServlet        : Completed initialization in 2 ms
2024-11-29T19:00:52.631+05:30  INFO 9564 --- [restartedMain] com.jbk.RecruitProApplication            : Starting RecruitProApplication using Java 23.0.1 with PID 9564 (C:\Users\dinos\eclipse-workspace\RecruitPro\target\classes started by dinos in C:\Users\dinos\eclipse-workspace\RecruitPro)
2024-11-29T19:00:52.635+05:30  INFO 9564 --- [restartedMain] com.jbk.RecruitProApplication            : No active profile set, falling back to 1 default profile: "default"
2024-11-29T19:00:52.714+05:30  INFO 9564 --- [restartedMain] .e.DevToolsPropertyDefaultsPostProcessor : Devtools property defaults active! Set 'spring.devtools.add-properties' to 'false' to disable
2024-11-29T19:00:52.714+05:30  INFO 9564 --- [restartedMain] .e.DevToolsPropertyDefaultsPostProcessor : For additional web related logging consider setting the 'logging.level.web' property to 'DEBUG'
2024-11-29T19:00:53.635+05:30  INFO 9564 --- [restartedMain] .s.d.r.c.RepositoryConfigurationDelegate : Bootstrapping Spring Data JPA repositories in DEFAULT mode.
2024-11-29T19:00:53.674+05:30  INFO 9564 --- [restartedMain] .s.d.r.c.RepositoryConfigurationDelegate : Finished Spring Data repository scanning in 25 ms. Found 0 JPA repository interfaces.
2024-11-29T19:00:54.574+05:30  INFO 9564 --- [restartedMain] o.s.b.w.embedded.tomcat.TomcatWebServer  : Tomcat initialized with port 8080 (http)
2024-11-29T19:00:54.600+05:30  INFO 9564 --- [restartedMain] o.apache.catalina.core.StandardService   : Starting service [Tomcat]
2024-11-29T19:00:54.600+05:30  INFO 9564 --- [restartedMain] o.apache.catalina.core.StandardEngine    : Starting Servlet engine: [Apache Tomcat/10.1.33]
2024-11-29T19:00:54.667+05:30  INFO 9564 --- [restartedMain] o.a.c.c.C.[Tomcat].[localhost].[/]       : Initializing Spring embedded WebApplicationContext
2024-11-29T19:00:54.668+05:30  INFO 9564 --- [restartedMain] w.s.c.ServletWebServerApplicationContext : Root WebApplicationContext: initialization completed in 1952 ms
2024-11-29T19:00:54.890+05:30  INFO 9564 --- [restartedMain] o.hibernate.jpa.internal.util.LogHelper  : HHH000204: Processing PersistenceUnitInfo [name: default]
2024-11-29T19:00:54.984+05:30  INFO 9564 --- [restartedMain] org.hibernate.Version                    : HHH000412: Hibernate ORM core version 6.6.2.Final
2024-11-29T19:00:55.038+05:30  INFO 9564 --- [restartedMain] o.h.c.internal.RegionFactoryInitiator    : HHH000026: Second-level cache disabled
2024-11-29T19:00:55.419+05:30  INFO 9564 --- [restartedMain] o.s.o.j.p.SpringPersistenceUnitInfo      : No LoadTimeWeaver setup: ignoring JPA class transformer
2024-11-29T19:00:55.459+05:30  INFO 9564 --- [restartedMain] com.zaxxer.hikari.HikariDataSource       : HikariPool-1 - Starting...
2024-11-29T19:00:55.959+05:30  INFO 9564 --- [restartedMain] com.zaxxer.hikari.pool.HikariPool        : HikariPool-1 - Added connection com.mysql.cj.jdbc.ConnectionImpl@609be104
2024-11-29T19:00:55.962+05:30  INFO 9564 --- [restartedMain] com.zaxxer.hikari.HikariDataSource       : HikariPool-1 - Start completed.
2024-11-29T19:00:56.078+05:30  INFO 9564 --- [restartedMain] org.hibernate.orm.connections.pooling    : HHH10001005: Database info:
	Database JDBC URL [Connecting through datasource 'HikariDataSource (HikariPool-1)']
	Database driver: undefined/unknown
	Database version: 8.0.40
	Autocommit mode: undefined/unknown
	Isolation level: undefined/unknown
	Minimum pool size: undefined/unknown
	Maximum pool size: undefined/unknown
2024-11-29T19:00:57.261+05:30  INFO 9564 --- [restartedMain] o.h.e.t.j.p.i.JtaPlatformInitiator       : HHH000489: No JTA platform available (set 'hibernate.transaction.jta.platform' to enable JTA platform integration)
2024-11-29T19:00:57.370+05:30  INFO 9564 --- [restartedMain] j.LocalContainerEntityManagerFactoryBean : Initialized JPA EntityManagerFactory for persistence unit 'default'
2024-11-29T19:00:57.556+05:30  WARN 9564 --- [restartedMain] JpaBaseConfiguration$JpaWebConfiguration : spring.jpa.open-in-view is enabled by default. Therefore, database queries may be performed during view rendering. Explicitly configure spring.jpa.open-in-view to disable this warning
2024-11-29T19:00:58.132+05:30  INFO 9564 --- [restartedMain] o.s.b.d.a.OptionalLiveReloadServer       : LiveReload server is running on port 35729
2024-11-29T19:00:58.181+05:30  INFO 9564 --- [restartedMain] o.s.b.w.embedded.tomcat.TomcatWebServer  : Tomcat started on port 8080 (http) with context path '/'
2024-11-29T19:00:58.195+05:30  INFO 9564 --- [restartedMain] com.jbk.RecruitProApplication            : Started RecruitProApplication in 6.223 seconds (process running for 6.963)
2024-11-29T19:02:05.063+05:30  INFO 9564 --- [File Watcher] rtingClassPathChangeChangedEventListener : Restarting due to 1 class path change (0 additions, 0 deletions, 1 modification)
2024-11-29T19:02:05.069+05:30  INFO 9564 --- [Thread-5] o.s.b.w.e.tomcat.GracefulShutdown        : Commencing graceful shutdown. Waiting for active requests to complete
2024-11-29T19:02:05.077+05:30  INFO 9564 --- [tomcat-shutdown] o.s.b.w.e.tomcat.GracefulShutdown        : Graceful shutdown complete
2024-11-29T19:02:05.083+05:30  INFO 9564 --- [Thread-5] j.LocalContainerEntityManagerFactoryBean : Closing JPA EntityManagerFactory for persistence unit 'default'
2024-11-29T19:02:05.091+05:30  INFO 9564 --- [Thread-5] com.zaxxer.hikari.HikariDataSource       : HikariPool-1 - Shutdown initiated...
2024-11-29T19:02:05.104+05:30  INFO 9564 --- [Thread-5] com.zaxxer.hikari.HikariDataSource       : HikariPool-1 - Shutdown completed.
2024-11-29T19:02:05.264+05:30  INFO 9564 --- [restartedMain] com.jbk.RecruitProApplication            : Starting RecruitProApplication using Java 23.0.1 with PID 9564 (C:\Users\dinos\eclipse-workspace\RecruitPro\target\classes started by dinos in C:\Users\dinos\eclipse-workspace\RecruitPro)
2024-11-29T19:02:05.264+05:30  INFO 9564 --- [restartedMain] com.jbk.RecruitProApplication            : No active profile set, falling back to 1 default profile: "default"
2024-11-29T19:02:05.538+05:30  INFO 9564 --- [restartedMain] .s.d.r.c.RepositoryConfigurationDelegate : Bootstrapping Spring Data JPA repositories in DEFAULT mode.
2024-11-29T19:02:05.551+05:30  INFO 9564 --- [restartedMain] .s.d.r.c.RepositoryConfigurationDelegate : Finished Spring Data repository scanning in 10 ms. Found 0 JPA repository interfaces.
2024-11-29T19:02:05.703+05:30  INFO 9564 --- [restartedMain] o.s.b.w.embedded.tomcat.TomcatWebServer  : Tomcat initialized with port 8080 (http)
2024-11-29T19:02:05.704+05:30  INFO 9564 --- [restartedMain] o.apache.catalina.core.StandardService   : Starting service [Tomcat]
2024-11-29T19:02:05.705+05:30  INFO 9564 --- [restartedMain] o.apache.catalina.core.StandardEngine    : Starting Servlet engine: [Apache Tomcat/10.1.33]
2024-11-29T19:02:05.797+05:30  INFO 9564 --- [restartedMain] o.a.c.c.C.[Tomcat].[localhost].[/]       : Initializing Spring embedded WebApplicationContext
2024-11-29T19:02:05.798+05:30  INFO 9564 --- [restartedMain] w.s.c.ServletWebServerApplicationContext : Root WebApplicationContext: initialization completed in 531 ms
2024-11-29T19:02:05.842+05:30  INFO 9564 --- [restartedMain] o.hibernate.jpa.internal.util.LogHelper  : HHH000204: Processing PersistenceUnitInfo [name: default]
2024-11-29T19:02:05.845+05:30  INFO 9564 --- [restartedMain] o.h.c.internal.RegionFactoryInitiator    : HHH000026: Second-level cache disabled
2024-11-29T19:02:05.862+05:30  INFO 9564 --- [restartedMain] o.s.o.j.p.SpringPersistenceUnitInfo      : No LoadTimeWeaver setup: ignoring JPA class transformer
2024-11-29T19:02:05.864+05:30  INFO 9564 --- [restartedMain] com.zaxxer.hikari.HikariDataSource       : HikariPool-2 - Starting...
2024-11-29T19:02:05.886+05:30  INFO 9564 --- [restartedMain] com.zaxxer.hikari.pool.HikariPool        : HikariPool-2 - Added connection com.mysql.cj.jdbc.ConnectionImpl@5af3adb6
2024-11-29T19:02:05.887+05:30  INFO 9564 --- [restartedMain] com.zaxxer.hikari.HikariDataSource       : HikariPool-2 - Start completed.
2024-11-29T19:02:05.889+05:30  INFO 9564 --- [restartedMain] org.hibernate.orm.connections.pooling    : HHH10001005: Database info:
	Database JDBC URL [Connecting through datasource 'HikariDataSource (HikariPool-2)']
	Database driver: undefined/unknown
	Database version: 8.0.40
	Autocommit mode: undefined/unknown
	Isolation level: undefined/unknown
	Minimum pool size: undefined/unknown
	Maximum pool size: undefined/unknown
2024-11-29T19:02:06.040+05:30  INFO 9564 --- [restartedMain] o.h.e.t.j.p.i.JtaPlatformInitiator       : HHH000489: No JTA platform available (set 'hibernate.transaction.jta.platform' to enable JTA platform integration)
2024-11-29T19:02:06.053+05:30  INFO 9564 --- [restartedMain] j.LocalContainerEntityManagerFactoryBean : Initialized JPA EntityManagerFactory for persistence unit 'default'
2024-11-29T19:02:06.131+05:30  WARN 9564 --- [restartedMain] JpaBaseConfiguration$JpaWebConfiguration : spring.jpa.open-in-view is enabled by default. Therefore, database queries may be performed during view rendering. Explicitly configure spring.jpa.open-in-view to disable this warning
2024-11-29T19:02:06.277+05:30  INFO 9564 --- [restartedMain] o.s.b.d.a.OptionalLiveReloadServer       : LiveReload server is running on port 35729
2024-11-29T19:02:06.289+05:30  INFO 9564 --- [restartedMain] o.s.b.w.embedded.tomcat.TomcatWebServer  : Tomcat started on port 8080 (http) with context path '/'
2024-11-29T19:02:06.293+05:30  INFO 9564 --- [restartedMain] com.jbk.RecruitProApplication            : Started RecruitProApplication in 1.094 seconds (process running for 75.061)
2024-11-29T19:02:06.298+05:30  INFO 9564 --- [restartedMain] .ConditionEvaluationDeltaLoggingListener : Condition evaluation unchanged
2024-11-29T19:02:27.164+05:30  INFO 9564 --- [http-nio-8080-exec-2] o.a.c.c.C.[Tomcat].[localhost].[/]       : Initializing Spring DispatcherServlet 'dispatcherServlet'
2024-11-29T19:02:27.165+05:30  INFO 9564 --- [http-nio-8080-exec-2] o.s.web.servlet.DispatcherServlet        : Initializing Servlet 'dispatcherServlet'
2024-11-29T19:02:27.167+05:30  INFO 9564 --- [http-nio-8080-exec-2] o.s.web.servlet.DispatcherServlet        : Completed initialization in 2 ms
2024-11-29T19:04:45.298+05:30  INFO 9564 --- [File Watcher] rtingClassPathChangeChangedEventListener : Restarting due to 1 class path change (0 additions, 0 deletions, 1 modification)
2024-11-29T19:04:45.300+05:30  INFO 9564 --- [Thread-7] o.s.b.w.e.tomcat.GracefulShutdown        : Commencing graceful shutdown. Waiting for active requests to complete
2024-11-29T19:04:45.306+05:30  INFO 9564 --- [tomcat-shutdown] o.s.b.w.e.tomcat.GracefulShutdown        : Graceful shutdown complete
2024-11-29T19:04:45.310+05:30  INFO 9564 --- [Thread-7] j.LocalContainerEntityManagerFactoryBean : Closing JPA EntityManagerFactory for persistence unit 'default'
2024-11-29T19:04:45.312+05:30  INFO 9564 --- [Thread-7] com.zaxxer.hikari.HikariDataSource       : HikariPool-2 - Shutdown initiated...
2024-11-29T19:04:45.319+05:30  INFO 9564 --- [Thread-7] com.zaxxer.hikari.HikariDataSource       : HikariPool-2 - Shutdown completed.
2024-11-29T19:04:45.449+05:30  INFO 9564 --- [restartedMain] com.jbk.RecruitProApplication            : Starting RecruitProApplication using Java 23.0.1 with PID 9564 (C:\Users\dinos\eclipse-workspace\RecruitPro\target\classes started by dinos in C:\Users\dinos\eclipse-workspace\RecruitPro)
2024-11-29T19:04:45.452+05:30  INFO 9564 --- [restartedMain] com.jbk.RecruitProApplication            : No active profile set, falling back to 1 default profile: "default"
2024-11-29T19:04:45.709+05:30  INFO 9564 --- [restartedMain] .s.d.r.c.RepositoryConfigurationDelegate : Bootstrapping Spring Data JPA repositories in DEFAULT mode.
2024-11-29T19:04:45.720+05:30  INFO 9564 --- [restartedMain] .s.d.r.c.RepositoryConfigurationDelegate : Finished Spring Data repository scanning in 8 ms. Found 0 JPA repository interfaces.
2024-11-29T19:04:45.825+05:30  INFO 9564 --- [restartedMain] o.s.b.w.embedded.tomcat.TomcatWebServer  : Tomcat initialized with port 8080 (http)
2024-11-29T19:04:45.827+05:30  INFO 9564 --- [restartedMain] o.apache.catalina.core.StandardService   : Starting service [Tomcat]
2024-11-29T19:04:45.827+05:30  INFO 9564 --- [restartedMain] o.apache.catalina.core.StandardEngine    : Starting Servlet engine: [Apache Tomcat/10.1.33]
2024-11-29T19:04:45.919+05:30  INFO 9564 --- [restartedMain] o.a.c.c.C.[Tomcat].[localhost].[/]       : Initializing Spring embedded WebApplicationContext
2024-11-29T19:04:45.920+05:30  INFO 9564 --- [restartedMain] w.s.c.ServletWebServerApplicationContext : Root WebApplicationContext: initialization completed in 462 ms
2024-11-29T19:04:45.963+05:30  INFO 9564 --- [restartedMain] o.hibernate.jpa.internal.util.LogHelper  : HHH000204: Processing PersistenceUnitInfo [name: default]
2024-11-29T19:04:45.969+05:30  INFO 9564 --- [restartedMain] o.h.c.internal.RegionFactoryInitiator    : HHH000026: Second-level cache disabled
2024-11-29T19:04:45.983+05:30  INFO 9564 --- [restartedMain] o.s.o.j.p.SpringPersistenceUnitInfo      : No LoadTimeWeaver setup: ignoring JPA class transformer
2024-11-29T19:04:45.985+05:30  INFO 9564 --- [restartedMain] com.zaxxer.hikari.HikariDataSource       : HikariPool-3 - Starting...
2024-11-29T19:04:46.005+05:30  INFO 9564 --- [restartedMain] com.zaxxer.hikari.pool.HikariPool        : HikariPool-3 - Added connection com.mysql.cj.jdbc.ConnectionImpl@291f189a
2024-11-29T19:04:46.005+05:30  INFO 9564 --- [restartedMain] com.zaxxer.hikari.HikariDataSource       : HikariPool-3 - Start completed.
2024-11-29T19:04:46.007+05:30  INFO 9564 --- [restartedMain] org.hibernate.orm.connections.pooling    : HHH10001005: Database info:
	Database JDBC URL [Connecting through datasource 'HikariDataSource (HikariPool-3)']
	Database driver: undefined/unknown
	Database version: 8.0.40
	Autocommit mode: undefined/unknown
	Isolation level: undefined/unknown
	Minimum pool size: undefined/unknown
	Maximum pool size: undefined/unknown
2024-11-29T19:04:46.155+05:30  INFO 9564 --- [restartedMain] o.h.e.t.j.p.i.JtaPlatformInitiator       : HHH000489: No JTA platform available (set 'hibernate.transaction.jta.platform' to enable JTA platform integration)
2024-11-29T19:04:46.167+05:30  INFO 9564 --- [restartedMain] j.LocalContainerEntityManagerFactoryBean : Initialized JPA EntityManagerFactory for persistence unit 'default'
2024-11-29T19:04:46.233+05:30  WARN 9564 --- [restartedMain] JpaBaseConfiguration$JpaWebConfiguration : spring.jpa.open-in-view is enabled by default. Therefore, database queries may be performed during view rendering. Explicitly configure spring.jpa.open-in-view to disable this warning
2024-11-29T19:04:46.378+05:30  INFO 9564 --- [restartedMain] o.s.b.d.a.OptionalLiveReloadServer       : LiveReload server is running on port 35729
2024-11-29T19:04:46.391+05:30  INFO 9564 --- [restartedMain] o.s.b.w.embedded.tomcat.TomcatWebServer  : Tomcat started on port 8080 (http) with context path '/'
2024-11-29T19:04:46.396+05:30  INFO 9564 --- [restartedMain] com.jbk.RecruitProApplication            : Started RecruitProApplication in 0.99 seconds (process running for 235.164)
2024-11-29T19:04:46.398+05:30  INFO 9564 --- [restartedMain] .ConditionEvaluationDeltaLoggingListener : Condition evaluation unchanged
2024-11-29T19:05:56.318+05:30  INFO 9564 --- [File Watcher] rtingClassPathChangeChangedEventListener : Restarting due to 1 class path change (0 additions, 0 deletions, 1 modification)
2024-11-29T19:05:56.320+05:30  INFO 9564 --- [Thread-11] o.s.b.w.e.tomcat.GracefulShutdown        : Commencing graceful shutdown. Waiting for active requests to complete
2024-11-29T19:05:56.330+05:30  INFO 9564 --- [tomcat-shutdown] o.s.b.w.e.tomcat.GracefulShutdown        : Graceful shutdown complete
2024-11-29T19:05:56.335+05:30  INFO 9564 --- [Thread-11] j.LocalContainerEntityManagerFactoryBean : Closing JPA EntityManagerFactory for persistence unit 'default'
2024-11-29T19:05:56.337+05:30  INFO 9564 --- [Thread-11] com.zaxxer.hikari.HikariDataSource       : HikariPool-3 - Shutdown initiated...
2024-11-29T19:05:56.347+05:30  INFO 9564 --- [Thread-11] com.zaxxer.hikari.HikariDataSource       : HikariPool-3 - Shutdown completed.
2024-11-29T19:05:56.472+05:30  INFO 9564 --- [restartedMain] com.jbk.RecruitProApplication            : Starting RecruitProApplication using Java 23.0.1 with PID 9564 (C:\Users\dinos\eclipse-workspace\RecruitPro\target\classes started by dinos in C:\Users\dinos\eclipse-workspace\RecruitPro)
2024-11-29T19:05:56.473+05:30  INFO 9564 --- [restartedMain] com.jbk.RecruitProApplication            : No active profile set, falling back to 1 default profile: "default"
2024-11-29T19:05:56.672+05:30  INFO 9564 --- [restartedMain] .s.d.r.c.RepositoryConfigurationDelegate : Bootstrapping Spring Data JPA repositories in DEFAULT mode.
2024-11-29T19:05:56.680+05:30  INFO 9564 --- [restartedMain] .s.d.r.c.RepositoryConfigurationDelegate : Finished Spring Data repository scanning in 6 ms. Found 0 JPA repository interfaces.
2024-11-29T19:05:56.831+05:30  INFO 9564 --- [restartedMain] o.s.b.w.embedded.tomcat.TomcatWebServer  : Tomcat initialized with port 8080 (http)
2024-11-29T19:05:56.832+05:30  INFO 9564 --- [restartedMain] o.apache.catalina.core.StandardService   : Starting service [Tomcat]
2024-11-29T19:05:56.832+05:30  INFO 9564 --- [restartedMain] o.apache.catalina.core.StandardEngine    : Starting Servlet engine: [Apache Tomcat/10.1.33]
2024-11-29T19:05:56.858+05:30  INFO 9564 --- [restartedMain] o.a.c.c.C.[Tomcat].[localhost].[/]       : Initializing Spring embedded WebApplicationContext
2024-11-29T19:05:56.858+05:30  INFO 9564 --- [restartedMain] w.s.c.ServletWebServerApplicationContext : Root WebApplicationContext: initialization completed in 382 ms
2024-11-29T19:05:56.897+05:30  INFO 9564 --- [restartedMain] o.hibernate.jpa.internal.util.LogHelper  : HHH000204: Processing PersistenceUnitInfo [name: default]
2024-11-29T19:05:56.900+05:30  INFO 9564 --- [restartedMain] o.h.c.internal.RegionFactoryInitiator    : HHH000026: Second-level cache disabled
2024-11-29T19:05:56.911+05:30  INFO 9564 --- [restartedMain] o.s.o.j.p.SpringPersistenceUnitInfo      : No LoadTimeWeaver setup: ignoring JPA class transformer
2024-11-29T19:05:56.913+05:30  INFO 9564 --- [restartedMain] com.zaxxer.hikari.HikariDataSource       : HikariPool-4 - Starting...
2024-11-29T19:05:56.931+05:30  INFO 9564 --- [restartedMain] com.zaxxer.hikari.pool.HikariPool        : HikariPool-4 - Added connection com.mysql.cj.jdbc.ConnectionImpl@12444aa8
2024-11-29T19:05:56.931+05:30  INFO 9564 --- [restartedMain] com.zaxxer.hikari.HikariDataSource       : HikariPool-4 - Start completed.
2024-11-29T19:05:56.933+05:30  INFO 9564 --- [restartedMain] org.hibernate.orm.connections.pooling    : HHH10001005: Database info:
	Database JDBC URL [Connecting through datasource 'HikariDataSource (HikariPool-4)']
	Database driver: undefined/unknown
	Database version: 8.0.40
	Autocommit mode: undefined/unknown
	Isolation level: undefined/unknown
	Minimum pool size: undefined/unknown
	Maximum pool size: undefined/unknown
2024-11-29T19:05:57.062+05:30  INFO 9564 --- [restartedMain] o.h.e.t.j.p.i.JtaPlatformInitiator       : HHH000489: No JTA platform available (set 'hibernate.transaction.jta.platform' to enable JTA platform integration)
2024-11-29T19:05:57.075+05:30  INFO 9564 --- [restartedMain] j.LocalContainerEntityManagerFactoryBean : Initialized JPA EntityManagerFactory for persistence unit 'default'
2024-11-29T19:05:57.142+05:30  WARN 9564 --- [restartedMain] JpaBaseConfiguration$JpaWebConfiguration : spring.jpa.open-in-view is enabled by default. Therefore, database queries may be performed during view rendering. Explicitly configure spring.jpa.open-in-view to disable this warning
2024-11-29T19:05:57.247+05:30  INFO 9564 --- [restartedMain] o.s.b.d.a.OptionalLiveReloadServer       : LiveReload server is running on port 35729
2024-11-29T19:05:57.257+05:30  INFO 9564 --- [restartedMain] o.s.b.w.embedded.tomcat.TomcatWebServer  : Tomcat started on port 8080 (http) with context path '/'
2024-11-29T19:05:57.261+05:30  INFO 9564 --- [restartedMain] com.jbk.RecruitProApplication            : Started RecruitProApplication in 0.824 seconds (process running for 306.028)
2024-11-29T19:05:57.262+05:30  INFO 9564 --- [restartedMain] .ConditionEvaluationDeltaLoggingListener : Condition evaluation unchanged
2024-11-29T19:06:05.088+05:30  INFO 9564 --- [http-nio-8080-exec-3] o.a.c.c.C.[Tomcat].[localhost].[/]       : Initializing Spring DispatcherServlet 'dispatcherServlet'
2024-11-29T19:06:05.088+05:30  INFO 9564 --- [http-nio-8080-exec-3] o.s.web.servlet.DispatcherServlet        : Initializing Servlet 'dispatcherServlet'
2024-11-29T19:06:05.089+05:30  INFO 9564 --- [http-nio-8080-exec-3] o.s.web.servlet.DispatcherServlet        : Completed initialization in 1 ms
2024-11-29T19:07:19.530+05:30  INFO 9564 --- [File Watcher] rtingClassPathChangeChangedEventListener : Restarting due to 1 class path change (0 additions, 0 deletions, 1 modification)
2024-11-29T19:07:19.532+05:30  INFO 9564 --- [Thread-15] o.s.b.w.e.tomcat.GracefulShutdown        : Commencing graceful shutdown. Waiting for active requests to complete
2024-11-29T19:07:19.538+05:30  INFO 9564 --- [tomcat-shutdown] o.s.b.w.e.tomcat.GracefulShutdown        : Graceful shutdown complete
2024-11-29T19:07:19.540+05:30  INFO 9564 --- [Thread-15] j.LocalContainerEntityManagerFactoryBean : Closing JPA EntityManagerFactory for persistence unit 'default'
2024-11-29T19:07:19.542+05:30  INFO 9564 --- [Thread-15] com.zaxxer.hikari.HikariDataSource       : HikariPool-4 - Shutdown initiated...
2024-11-29T19:07:19.549+05:30  INFO 9564 --- [Thread-15] com.zaxxer.hikari.HikariDataSource       : HikariPool-4 - Shutdown completed.
2024-11-29T19:07:19.663+05:30  INFO 9564 --- [restartedMain] com.jbk.RecruitProApplication            : Starting RecruitProApplication using Java 23.0.1 with PID 9564 (C:\Users\dinos\eclipse-workspace\RecruitPro\target\classes started by dinos in C:\Users\dinos\eclipse-workspace\RecruitPro)
2024-11-29T19:07:19.664+05:30  INFO 9564 --- [restartedMain] com.jbk.RecruitProApplication            : No active profile set, falling back to 1 default profile: "default"
2024-11-29T19:07:19.870+05:30  INFO 9564 --- [restartedMain] .s.d.r.c.RepositoryConfigurationDelegate : Bootstrapping Spring Data JPA repositories in DEFAULT mode.
2024-11-29T19:07:19.879+05:30  INFO 9564 --- [restartedMain] .s.d.r.c.RepositoryConfigurationDelegate : Finished Spring Data repository scanning in 6 ms. Found 0 JPA repository interfaces.
2024-11-29T19:07:19.958+05:30  INFO 9564 --- [restartedMain] o.s.b.w.embedded.tomcat.TomcatWebServer  : Tomcat initialized with port 8080 (http)
2024-11-29T19:07:19.959+05:30  INFO 9564 --- [restartedMain] o.apache.catalina.core.StandardService   : Starting service [Tomcat]
2024-11-29T19:07:19.960+05:30  INFO 9564 --- [restartedMain] o.apache.catalina.core.StandardEngine    : Starting Servlet engine: [Apache Tomcat/10.1.33]
2024-11-29T19:07:19.990+05:30  INFO 9564 --- [restartedMain] o.a.c.c.C.[Tomcat].[localhost].[/]       : Initializing Spring embedded WebApplicationContext
2024-11-29T19:07:19.990+05:30  INFO 9564 --- [restartedMain] w.s.c.ServletWebServerApplicationContext : Root WebApplicationContext: initialization completed in 323 ms
2024-11-29T19:07:20.018+05:30  INFO 9564 --- [restartedMain] o.hibernate.jpa.internal.util.LogHelper  : HHH000204: Processing PersistenceUnitInfo [name: default]
2024-11-29T19:07:20.021+05:30  INFO 9564 --- [restartedMain] o.h.c.internal.RegionFactoryInitiator    : HHH000026: Second-level cache disabled
2024-11-29T19:07:20.032+05:30  INFO 9564 --- [restartedMain] o.s.o.j.p.SpringPersistenceUnitInfo      : No LoadTimeWeaver setup: ignoring JPA class transformer
2024-11-29T19:07:20.034+05:30  INFO 9564 --- [restartedMain] com.zaxxer.hikari.HikariDataSource       : HikariPool-5 - Starting...
2024-11-29T19:07:20.049+05:30  INFO 9564 --- [restartedMain] com.zaxxer.hikari.pool.HikariPool        : HikariPool-5 - Added connection com.mysql.cj.jdbc.ConnectionImpl@50553fd
2024-11-29T19:07:20.049+05:30  INFO 9564 --- [restartedMain] com.zaxxer.hikari.HikariDataSource       : HikariPool-5 - Start completed.
2024-11-29T19:07:20.052+05:30  INFO 9564 --- [restartedMain] org.hibernate.orm.connections.pooling    : HHH10001005: Database info:
	Database JDBC URL [Connecting through datasource 'HikariDataSource (HikariPool-5)']
	Database driver: undefined/unknown
	Database version: 8.0.40
	Autocommit mode: undefined/unknown
	Isolation level: undefined/unknown
	Minimum pool size: undefined/unknown
	Maximum pool size: undefined/unknown
2024-11-29T19:07:20.162+05:30  INFO 9564 --- [restartedMain] o.h.e.t.j.p.i.JtaPlatformInitiator       : HHH000489: No JTA platform available (set 'hibernate.transaction.jta.platform' to enable JTA platform integration)
2024-11-29T19:07:20.175+05:30  INFO 9564 --- [restartedMain] j.LocalContainerEntityManagerFactoryBean : Initialized JPA EntityManagerFactory for persistence unit 'default'
2024-11-29T19:07:20.236+05:30  WARN 9564 --- [restartedMain] JpaBaseConfiguration$JpaWebConfiguration : spring.jpa.open-in-view is enabled by default. Therefore, database queries may be performed during view rendering. Explicitly configure spring.jpa.open-in-view to disable this warning
2024-11-29T19:07:20.325+05:30  INFO 9564 --- [restartedMain] o.s.b.d.a.OptionalLiveReloadServer       : LiveReload server is running on port 35729
2024-11-29T19:07:20.387+05:30  INFO 9564 --- [restartedMain] o.s.b.w.embedded.tomcat.TomcatWebServer  : Tomcat started on port 8080 (http) with context path '/'
2024-11-29T19:07:20.390+05:30  INFO 9564 --- [restartedMain] com.jbk.RecruitProApplication            : Started RecruitProApplication in 0.756 seconds (process running for 389.158)
2024-11-29T19:07:20.392+05:30  INFO 9564 --- [restartedMain] .ConditionEvaluationDeltaLoggingListener : Condition evaluation unchanged
2024-11-29T19:07:29.918+05:30  INFO 9564 --- [http-nio-8080-exec-4] o.a.c.c.C.[Tomcat].[localhost].[/]       : Initializing Spring DispatcherServlet 'dispatcherServlet'
2024-11-29T19:07:29.919+05:30  INFO 9564 --- [http-nio-8080-exec-4] o.s.web.servlet.DispatcherServlet        : Initializing Servlet 'dispatcherServlet'
2024-11-29T19:07:29.919+05:30  INFO 9564 --- [http-nio-8080-exec-4] o.s.web.servlet.DispatcherServlet        : Completed initialization in 0 ms
2024-11-29T19:11:38.502+05:30  INFO 9564 --- [File Watcher] rtingClassPathChangeChangedEventListener : Restarting due to 1 class path change (0 additions, 0 deletions, 1 modification)
2024-11-29T19:11:38.503+05:30  INFO 9564 --- [Thread-19] o.s.b.w.e.tomcat.GracefulShutdown        : Commencing graceful shutdown. Waiting for active requests to complete
2024-11-29T19:11:38.511+05:30  INFO 9564 --- [tomcat-shutdown] o.s.b.w.e.tomcat.GracefulShutdown        : Graceful shutdown complete
2024-11-29T19:11:38.514+05:30  INFO 9564 --- [Thread-19] j.LocalContainerEntityManagerFactoryBean : Closing JPA EntityManagerFactory for persistence unit 'default'
2024-11-29T19:11:38.515+05:30  INFO 9564 --- [Thread-19] com.zaxxer.hikari.HikariDataSource       : HikariPool-5 - Shutdown initiated...
2024-11-29T19:11:38.521+05:30  INFO 9564 --- [Thread-19] com.zaxxer.hikari.HikariDataSource       : HikariPool-5 - Shutdown completed.
2024-11-29T19:11:38.655+05:30  INFO 9564 --- [restartedMain] com.jbk.RecruitProApplication            : Starting RecruitProApplication using Java 23.0.1 with PID 9564 (C:\Users\dinos\eclipse-workspace\RecruitPro\target\classes started by dinos in C:\Users\dinos\eclipse-workspace\RecruitPro)
2024-11-29T19:11:38.656+05:30  INFO 9564 --- [restartedMain] com.jbk.RecruitProApplication            : No active profile set, falling back to 1 default profile: "default"
2024-11-29T19:11:38.835+05:30  INFO 9564 --- [restartedMain] .s.d.r.c.RepositoryConfigurationDelegate : Bootstrapping Spring Data JPA repositories in DEFAULT mode.
2024-11-29T19:11:38.842+05:30  INFO 9564 --- [restartedMain] .s.d.r.c.RepositoryConfigurationDelegate : Finished Spring Data repository scanning in 6 ms. Found 0 JPA repository interfaces.
2024-11-29T19:11:38.917+05:30  INFO 9564 --- [restartedMain] o.s.b.w.embedded.tomcat.TomcatWebServer  : Tomcat initialized with port 8080 (http)
2024-11-29T19:11:38.918+05:30  INFO 9564 --- [restartedMain] o.apache.catalina.core.StandardService   : Starting service [Tomcat]
2024-11-29T19:11:38.918+05:30  INFO 9564 --- [restartedMain] o.apache.catalina.core.StandardEngine    : Starting Servlet engine: [Apache Tomcat/10.1.33]
2024-11-29T19:11:38.945+05:30  INFO 9564 --- [restartedMain] o.a.c.c.C.[Tomcat].[localhost].[/]       : Initializing Spring embedded WebApplicationContext
2024-11-29T19:11:38.946+05:30  INFO 9564 --- [restartedMain] w.s.c.ServletWebServerApplicationContext : Root WebApplicationContext: initialization completed in 286 ms
2024-11-29T19:11:38.973+05:30  INFO 9564 --- [restartedMain] o.hibernate.jpa.internal.util.LogHelper  : HHH000204: Processing PersistenceUnitInfo [name: default]
2024-11-29T19:11:38.976+05:30  INFO 9564 --- [restartedMain] o.h.c.internal.RegionFactoryInitiator    : HHH000026: Second-level cache disabled
2024-11-29T19:11:38.985+05:30  INFO 9564 --- [restartedMain] o.s.o.j.p.SpringPersistenceUnitInfo      : No LoadTimeWeaver setup: ignoring JPA class transformer
2024-11-29T19:11:38.987+05:30  INFO 9564 --- [restartedMain] com.zaxxer.hikari.HikariDataSource       : HikariPool-6 - Starting...
2024-11-29T19:11:39.003+05:30  INFO 9564 --- [restartedMain] com.zaxxer.hikari.pool.HikariPool        : HikariPool-6 - Added connection com.mysql.cj.jdbc.ConnectionImpl@2832b05a
2024-11-29T19:11:39.003+05:30  INFO 9564 --- [restartedMain] com.zaxxer.hikari.HikariDataSource       : HikariPool-6 - Start completed.
2024-11-29T19:11:39.005+05:30  INFO 9564 --- [restartedMain] org.hibernate.orm.connections.pooling    : HHH10001005: Database info:
	Database JDBC URL [Connecting through datasource 'HikariDataSource (HikariPool-6)']
	Database driver: undefined/unknown
	Database version: 8.0.40
	Autocommit mode: undefined/unknown
	Isolation level: undefined/unknown
	Minimum pool size: undefined/unknown
	Maximum pool size: undefined/unknown
2024-11-29T19:11:39.100+05:30  INFO 9564 --- [restartedMain] o.h.e.t.j.p.i.JtaPlatformInitiator       : HHH000489: No JTA platform available (set 'hibernate.transaction.jta.platform' to enable JTA platform integration)
2024-11-29T19:11:39.112+05:30  INFO 9564 --- [restartedMain] j.LocalContainerEntityManagerFactoryBean : Initialized JPA EntityManagerFactory for persistence unit 'default'
2024-11-29T19:11:39.165+05:30  WARN 9564 --- [restartedMain] JpaBaseConfiguration$JpaWebConfiguration : spring.jpa.open-in-view is enabled by default. Therefore, database queries may be performed during view rendering. Explicitly configure spring.jpa.open-in-view to disable this warning
2024-11-29T19:11:39.253+05:30  INFO 9564 --- [restartedMain] o.s.b.d.a.OptionalLiveReloadServer       : LiveReload server is running on port 35729
2024-11-29T19:11:39.263+05:30  INFO 9564 --- [restartedMain] o.s.b.w.embedded.tomcat.TomcatWebServer  : Tomcat started on port 8080 (http) with context path '/'
2024-11-29T19:11:39.265+05:30  INFO 9564 --- [restartedMain] com.jbk.RecruitProApplication            : Started RecruitProApplication in 0.655 seconds (process running for 648.034)
2024-11-29T19:11:39.267+05:30  INFO 9564 --- [restartedMain] .ConditionEvaluationDeltaLoggingListener : Condition evaluation unchanged
2024-11-29T19:11:52.563+05:30  INFO 13532 --- [restartedMain] com.jbk.RecruitProApplication            : Starting RecruitProApplication using Java 23.0.1 with PID 13532 (C:\Users\dinos\eclipse-workspace\RecruitPro\target\classes started by dinos in C:\Users\dinos\eclipse-workspace\RecruitPro)
2024-11-29T19:11:52.565+05:30  INFO 13532 --- [restartedMain] com.jbk.RecruitProApplication            : No active profile set, falling back to 1 default profile: "default"
2024-11-29T19:11:52.650+05:30  INFO 13532 --- [restartedMain] .e.DevToolsPropertyDefaultsPostProcessor : Devtools property defaults active! Set 'spring.devtools.add-properties' to 'false' to disable
2024-11-29T19:11:52.654+05:30  INFO 13532 --- [restartedMain] .e.DevToolsPropertyDefaultsPostProcessor : For additional web related logging consider setting the 'logging.level.web' property to 'DEBUG'
2024-11-29T19:11:53.592+05:30  INFO 13532 --- [restartedMain] .s.d.r.c.RepositoryConfigurationDelegate : Bootstrapping Spring Data JPA repositories in DEFAULT mode.
2024-11-29T19:11:53.629+05:30  INFO 13532 --- [restartedMain] .s.d.r.c.RepositoryConfigurationDelegate : Finished Spring Data repository scanning in 24 ms. Found 0 JPA repository interfaces.
2024-11-29T19:11:54.551+05:30  INFO 13532 --- [restartedMain] o.s.b.w.embedded.tomcat.TomcatWebServer  : Tomcat initialized with port 8080 (http)
2024-11-29T19:11:54.577+05:30  INFO 13532 --- [restartedMain] o.apache.catalina.core.StandardService   : Starting service [Tomcat]
2024-11-29T19:11:54.578+05:30  INFO 13532 --- [restartedMain] o.apache.catalina.core.StandardEngine    : Starting Servlet engine: [Apache Tomcat/10.1.33]
2024-11-29T19:11:54.647+05:30  INFO 13532 --- [restartedMain] o.a.c.c.C.[Tomcat].[localhost].[/]       : Initializing Spring embedded WebApplicationContext
2024-11-29T19:11:54.648+05:30  INFO 13532 --- [restartedMain] w.s.c.ServletWebServerApplicationContext : Root WebApplicationContext: initialization completed in 1993 ms
2024-11-29T19:11:54.881+05:30  INFO 13532 --- [restartedMain] o.hibernate.jpa.internal.util.LogHelper  : HHH000204: Processing PersistenceUnitInfo [name: default]
2024-11-29T19:11:54.972+05:30  INFO 13532 --- [restartedMain] org.hibernate.Version                    : HHH000412: Hibernate ORM core version 6.6.2.Final
2024-11-29T19:11:55.022+05:30  INFO 13532 --- [restartedMain] o.h.c.internal.RegionFactoryInitiator    : HHH000026: Second-level cache disabled
2024-11-29T19:11:55.409+05:30  INFO 13532 --- [restartedMain] o.s.o.j.p.SpringPersistenceUnitInfo      : No LoadTimeWeaver setup: ignoring JPA class transformer
2024-11-29T19:11:55.449+05:30  INFO 13532 --- [restartedMain] com.zaxxer.hikari.HikariDataSource       : HikariPool-1 - Starting...
2024-11-29T19:11:55.958+05:30  INFO 13532 --- [restartedMain] com.zaxxer.hikari.pool.HikariPool        : HikariPool-1 - Added connection com.mysql.cj.jdbc.ConnectionImpl@173062b5
2024-11-29T19:11:55.961+05:30  INFO 13532 --- [restartedMain] com.zaxxer.hikari.HikariDataSource       : HikariPool-1 - Start completed.
2024-11-29T19:11:56.084+05:30  INFO 13532 --- [restartedMain] org.hibernate.orm.connections.pooling    : HHH10001005: Database info:
	Database JDBC URL [Connecting through datasource 'HikariDataSource (HikariPool-1)']
	Database driver: undefined/unknown
	Database version: 8.0.40
	Autocommit mode: undefined/unknown
	Isolation level: undefined/unknown
	Minimum pool size: undefined/unknown
	Maximum pool size: undefined/unknown
2024-11-29T19:11:57.298+05:30  INFO 13532 --- [restartedMain] o.h.e.t.j.p.i.JtaPlatformInitiator       : HHH000489: No JTA platform available (set 'hibernate.transaction.jta.platform' to enable JTA platform integration)
2024-11-29T19:11:57.361+05:30  INFO 13532 --- [restartedMain] j.LocalContainerEntityManagerFactoryBean : Initialized JPA EntityManagerFactory for persistence unit 'default'
2024-11-29T19:11:57.528+05:30  WARN 13532 --- [restartedMain] JpaBaseConfiguration$JpaWebConfiguration : spring.jpa.open-in-view is enabled by default. Therefore, database queries may be performed during view rendering. Explicitly configure spring.jpa.open-in-view to disable this warning
2024-11-29T19:11:58.171+05:30  INFO 13532 --- [restartedMain] o.s.b.d.a.OptionalLiveReloadServer       : LiveReload server is running on port 35729
2024-11-29T19:11:58.216+05:30  INFO 13532 --- [restartedMain] o.s.b.w.embedded.tomcat.TomcatWebServer  : Tomcat started on port 8080 (http) with context path '/'
2024-11-29T19:11:58.233+05:30  INFO 13532 --- [restartedMain] com.jbk.RecruitProApplication            : Started RecruitProApplication in 6.296 seconds (process running for 6.95)
2024-11-29T19:12:04.747+05:30  INFO 13532 --- [http-nio-8080-exec-1] o.a.c.c.C.[Tomcat].[localhost].[/]       : Initializing Spring DispatcherServlet 'dispatcherServlet'
2024-11-29T19:12:04.748+05:30  INFO 13532 --- [http-nio-8080-exec-1] o.s.web.servlet.DispatcherServlet        : Initializing Servlet 'dispatcherServlet'
2024-11-29T19:12:04.750+05:30  INFO 13532 --- [http-nio-8080-exec-1] o.s.web.servlet.DispatcherServlet        : Completed initialization in 2 ms
2024-11-29T19:13:42.611+05:30  WARN 13532 --- [HikariPool-1 housekeeper] com.zaxxer.hikari.pool.HikariPool        : HikariPool-1 - Thread starvation or clock leap detected (housekeeper delta=46s529ms308µs800ns).
2024-11-29T19:14:57.887+05:30  INFO 13532 --- [File Watcher] rtingClassPathChangeChangedEventListener : Restarting due to 1 class path change (0 additions, 0 deletions, 1 modification)
2024-11-29T19:14:57.891+05:30  INFO 13532 --- [Thread-5] o.s.b.w.e.tomcat.GracefulShutdown        : Commencing graceful shutdown. Waiting for active requests to complete
2024-11-29T19:14:57.899+05:30  INFO 13532 --- [tomcat-shutdown] o.s.b.w.e.tomcat.GracefulShutdown        : Graceful shutdown complete
2024-11-29T19:14:57.906+05:30  INFO 13532 --- [Thread-5] j.LocalContainerEntityManagerFactoryBean : Closing JPA EntityManagerFactory for persistence unit 'default'
2024-11-29T19:14:57.910+05:30  INFO 13532 --- [Thread-5] com.zaxxer.hikari.HikariDataSource       : HikariPool-1 - Shutdown initiated...
2024-11-29T19:14:57.921+05:30  INFO 13532 --- [Thread-5] com.zaxxer.hikari.HikariDataSource       : HikariPool-1 - Shutdown completed.
2024-11-29T19:14:58.072+05:30  INFO 13532 --- [restartedMain] com.jbk.RecruitProApplication            : Starting RecruitProApplication using Java 23.0.1 with PID 13532 (C:\Users\dinos\eclipse-workspace\RecruitPro\target\classes started by dinos in C:\Users\dinos\eclipse-workspace\RecruitPro)
2024-11-29T19:14:58.072+05:30  INFO 13532 --- [restartedMain] com.jbk.RecruitProApplication            : No active profile set, falling back to 1 default profile: "default"
2024-11-29T19:14:58.399+05:30  INFO 13532 --- [restartedMain] .s.d.r.c.RepositoryConfigurationDelegate : Bootstrapping Spring Data JPA repositories in DEFAULT mode.
2024-11-29T19:14:58.415+05:30  INFO 13532 --- [restartedMain] .s.d.r.c.RepositoryConfigurationDelegate : Finished Spring Data repository scanning in 13 ms. Found 0 JPA repository interfaces.
2024-11-29T19:14:58.798+05:30  INFO 13532 --- [restartedMain] o.s.b.w.embedded.tomcat.TomcatWebServer  : Tomcat initialized with port 8080 (http)
2024-11-29T19:14:58.800+05:30  INFO 13532 --- [restartedMain] o.apache.catalina.core.StandardService   : Starting service [Tomcat]
2024-11-29T19:14:58.800+05:30  INFO 13532 --- [restartedMain] o.apache.catalina.core.StandardEngine    : Starting Servlet engine: [Apache Tomcat/10.1.33]
2024-11-29T19:14:58.890+05:30  INFO 13532 --- [restartedMain] o.a.c.c.C.[Tomcat].[localhost].[/]       : Initializing Spring embedded WebApplicationContext
2024-11-29T19:14:58.890+05:30  INFO 13532 --- [restartedMain] w.s.c.ServletWebServerApplicationContext : Root WebApplicationContext: initialization completed in 812 ms
2024-11-29T19:14:58.997+05:30  INFO 13532 --- [restartedMain] o.hibernate.jpa.internal.util.LogHelper  : HHH000204: Processing PersistenceUnitInfo [name: default]
2024-11-29T19:14:59.002+05:30  INFO 13532 --- [restartedMain] o.h.c.internal.RegionFactoryInitiator    : HHH000026: Second-level cache disabled
2024-11-29T19:14:59.022+05:30  INFO 13532 --- [restartedMain] o.s.o.j.p.SpringPersistenceUnitInfo      : No LoadTimeWeaver setup: ignoring JPA class transformer
2024-11-29T19:14:59.025+05:30  INFO 13532 --- [restartedMain] com.zaxxer.hikari.HikariDataSource       : HikariPool-2 - Starting...
2024-11-29T19:14:59.047+05:30  INFO 13532 --- [restartedMain] com.zaxxer.hikari.pool.HikariPool        : HikariPool-2 - Added connection com.mysql.cj.jdbc.ConnectionImpl@1302e217
2024-11-29T19:14:59.048+05:30  INFO 13532 --- [restartedMain] com.zaxxer.hikari.HikariDataSource       : HikariPool-2 - Start completed.
2024-11-29T19:14:59.053+05:30  INFO 13532 --- [restartedMain] org.hibernate.orm.connections.pooling    : HHH10001005: Database info:
	Database JDBC URL [Connecting through datasource 'HikariDataSource (HikariPool-2)']
	Database driver: undefined/unknown
	Database version: 8.0.40
	Autocommit mode: undefined/unknown
	Isolation level: undefined/unknown
	Minimum pool size: undefined/unknown
	Maximum pool size: undefined/unknown
2024-11-29T19:14:59.221+05:30  INFO 13532 --- [restartedMain] o.h.e.t.j.p.i.JtaPlatformInitiator       : HHH000489: No JTA platform available (set 'hibernate.transaction.jta.platform' to enable JTA platform integration)
2024-11-29T19:14:59.239+05:30  INFO 13532 --- [restartedMain] j.LocalContainerEntityManagerFactoryBean : Initialized JPA EntityManagerFactory for persistence unit 'default'
2024-11-29T19:14:59.485+05:30  WARN 13532 --- [restartedMain] JpaBaseConfiguration$JpaWebConfiguration : spring.jpa.open-in-view is enabled by default. Therefore, database queries may be performed during view rendering. Explicitly configure spring.jpa.open-in-view to disable this warning
2024-11-29T19:15:00.028+05:30  INFO 13532 --- [restartedMain] o.s.b.d.a.OptionalLiveReloadServer       : LiveReload server is running on port 35729
2024-11-29T19:15:00.048+05:30  INFO 13532 --- [restartedMain] o.s.b.w.embedded.tomcat.TomcatWebServer  : Tomcat started on port 8080 (http) with context path '/'
2024-11-29T19:15:00.058+05:30  INFO 13532 --- [restartedMain] com.jbk.RecruitProApplication            : Started RecruitProApplication in 2.036 seconds (process running for 188.775)
2024-11-29T19:15:00.062+05:30  INFO 13532 --- [restartedMain] .ConditionEvaluationDeltaLoggingListener : Condition evaluation unchanged
2024-11-29T19:15:22.137+05:30  INFO 23012 --- [restartedMain] com.jbk.RecruitProApplication            : Starting RecruitProApplication using Java 23.0.1 with PID 23012 (C:\Users\dinos\eclipse-workspace\RecruitPro\target\classes started by dinos in C:\Users\dinos\eclipse-workspace\RecruitPro)
2024-11-29T19:15:22.140+05:30  INFO 23012 --- [restartedMain] com.jbk.RecruitProApplication            : No active profile set, falling back to 1 default profile: "default"
2024-11-29T19:15:22.218+05:30  INFO 23012 --- [restartedMain] .e.DevToolsPropertyDefaultsPostProcessor : Devtools property defaults active! Set 'spring.devtools.add-properties' to 'false' to disable
2024-11-29T19:15:22.218+05:30  INFO 23012 --- [restartedMain] .e.DevToolsPropertyDefaultsPostProcessor : For additional web related logging consider setting the 'logging.level.web' property to 'DEBUG'
2024-11-29T19:15:23.162+05:30  INFO 23012 --- [restartedMain] .s.d.r.c.RepositoryConfigurationDelegate : Bootstrapping Spring Data JPA repositories in DEFAULT mode.
2024-11-29T19:15:23.202+05:30  INFO 23012 --- [restartedMain] .s.d.r.c.RepositoryConfigurationDelegate : Finished Spring Data repository scanning in 26 ms. Found 0 JPA repository interfaces.
2024-11-29T19:15:24.274+05:30  INFO 23012 --- [restartedMain] o.s.b.w.embedded.tomcat.TomcatWebServer  : Tomcat initialized with port 8080 (http)
2024-11-29T19:15:24.298+05:30  INFO 23012 --- [restartedMain] o.apache.catalina.core.StandardService   : Starting service [Tomcat]
2024-11-29T19:15:24.299+05:30  INFO 23012 --- [restartedMain] o.apache.catalina.core.StandardEngine    : Starting Servlet engine: [Apache Tomcat/10.1.33]
2024-11-29T19:15:24.422+05:30  INFO 23012 --- [restartedMain] o.a.c.c.C.[Tomcat].[localhost].[/]       : Initializing Spring embedded WebApplicationContext
2024-11-29T19:15:24.423+05:30  INFO 23012 --- [restartedMain] w.s.c.ServletWebServerApplicationContext : Root WebApplicationContext: initialization completed in 2203 ms
2024-11-29T19:15:24.709+05:30  INFO 23012 --- [restartedMain] o.hibernate.jpa.internal.util.LogHelper  : HHH000204: Processing PersistenceUnitInfo [name: default]
2024-11-29T19:15:24.794+05:30  INFO 23012 --- [restartedMain] org.hibernate.Version                    : HHH000412: Hibernate ORM core version 6.6.2.Final
2024-11-29T19:15:24.874+05:30  INFO 23012 --- [restartedMain] o.h.c.internal.RegionFactoryInitiator    : HHH000026: Second-level cache disabled
2024-11-29T19:15:25.309+05:30  INFO 23012 --- [restartedMain] o.s.o.j.p.SpringPersistenceUnitInfo      : No LoadTimeWeaver setup: ignoring JPA class transformer
2024-11-29T19:15:25.351+05:30  INFO 23012 --- [restartedMain] com.zaxxer.hikari.HikariDataSource       : HikariPool-1 - Starting...
2024-11-29T19:15:25.882+05:30  INFO 23012 --- [restartedMain] com.zaxxer.hikari.pool.HikariPool        : HikariPool-1 - Added connection com.mysql.cj.jdbc.ConnectionImpl@88dfc3e
2024-11-29T19:15:25.886+05:30  INFO 23012 --- [restartedMain] com.zaxxer.hikari.HikariDataSource       : HikariPool-1 - Start completed.
2024-11-29T19:15:26.037+05:30  INFO 23012 --- [restartedMain] org.hibernate.orm.connections.pooling    : HHH10001005: Database info:
	Database JDBC URL [Connecting through datasource 'HikariDataSource (HikariPool-1)']
	Database driver: undefined/unknown
	Database version: 8.0.40
	Autocommit mode: undefined/unknown
	Isolation level: undefined/unknown
	Minimum pool size: undefined/unknown
	Maximum pool size: undefined/unknown
2024-11-29T19:15:27.275+05:30  INFO 23012 --- [restartedMain] o.h.e.t.j.p.i.JtaPlatformInitiator       : HHH000489: No JTA platform available (set 'hibernate.transaction.jta.platform' to enable JTA platform integration)
2024-11-29T19:15:27.332+05:30  INFO 23012 --- [restartedMain] j.LocalContainerEntityManagerFactoryBean : Initialized JPA EntityManagerFactory for persistence unit 'default'
2024-11-29T19:15:27.645+05:30  WARN 23012 --- [restartedMain] JpaBaseConfiguration$JpaWebConfiguration : spring.jpa.open-in-view is enabled by default. Therefore, database queries may be performed during view rendering. Explicitly configure spring.jpa.open-in-view to disable this warning
2024-11-29T19:15:28.648+05:30  INFO 23012 --- [restartedMain] o.s.b.d.a.OptionalLiveReloadServer       : LiveReload server is running on port 35729
2024-11-29T19:15:28.711+05:30  INFO 23012 --- [restartedMain] o.s.b.w.embedded.tomcat.TomcatWebServer  : Tomcat started on port 8080 (http) with context path '/'
2024-11-29T19:15:28.728+05:30  INFO 23012 --- [restartedMain] com.jbk.RecruitProApplication            : Started RecruitProApplication in 7.256 seconds (process running for 7.969)
2024-11-29T19:15:45.864+05:30  INFO 23012 --- [http-nio-8080-exec-1] o.a.c.c.C.[Tomcat].[localhost].[/]       : Initializing Spring DispatcherServlet 'dispatcherServlet'
2024-11-29T19:15:45.864+05:30  INFO 23012 --- [http-nio-8080-exec-1] o.s.web.servlet.DispatcherServlet        : Initializing Servlet 'dispatcherServlet'
2024-11-29T19:15:45.867+05:30  INFO 23012 --- [http-nio-8080-exec-1] o.s.web.servlet.DispatcherServlet        : Completed initialization in 3 ms
2024-11-29T19:15:46.168+05:30  INFO 23012 --- [http-nio-8080-exec-1] com.jbk.aspects.LoginTimeAspects         : Excution time 83
